running develop
running egg_info
creating py_serial_commander.egg-info
writing py_serial_commander.egg-info/PKG-INFO
writing dependency_links to py_serial_commander.egg-info/dependency_links.txt
writing entry points to py_serial_commander.egg-info/entry_points.txt
writing requirements to py_serial_commander.egg-info/requires.txt
writing top-level names to py_serial_commander.egg-info/top_level.txt
writing manifest file 'py_serial_commander.egg-info/SOURCES.txt'
reading manifest file 'py_serial_commander.egg-info/SOURCES.txt'
writing manifest file 'py_serial_commander.egg-info/SOURCES.txt'
running build_ext
Creating /home/tobgui/titi/src/py_serial_commander/install/py_serial_commander/lib/python3.10/site-packages/py-serial-commander.egg-link (link to .)
Installing serial_commander script to /home/tobgui/titi/src/py_serial_commander/install/py_serial_commander/lib/py_serial_commander

Installed /home/tobgui/titi/src/py_serial_commander/build/py_serial_commander
running symlink_data
creating /home/tobgui/titi/src/py_serial_commander/install/py_serial_commander/share
creating /home/tobgui/titi/src/py_serial_commander/install/py_serial_commander/share/ament_index
creating /home/tobgui/titi/src/py_serial_commander/install/py_serial_commander/share/ament_index/resource_index
creating /home/tobgui/titi/src/py_serial_commander/install/py_serial_commander/share/ament_index/resource_index/packages
symbolically linking /home/tobgui/titi/src/py_serial_commander/build/py_serial_commander/resource/py_serial_commander -> /home/tobgui/titi/src/py_serial_commander/install/py_serial_commander/share/ament_index/resource_index/packages
creating /home/tobgui/titi/src/py_serial_commander/install/py_serial_commander/share/py_serial_commander
symbolically linking /home/tobgui/titi/src/py_serial_commander/build/py_serial_commander/package.xml -> /home/tobgui/titi/src/py_serial_commander/install/py_serial_commander/share/py_serial_commander
