[1.122s] Invoking command in '/home/tobgui/titi/src/py_serial_commander/build/py_serial_commander': PYTHONPATH=/home/tobgui/titi/src/py_serial_commander/build/py_serial_commander/prefix_override:/usr/lib/python3/dist-packages/colcon_core/task/python/colcon_distutils_commands:/home/tobgui/titi/src/py_serial_commander/install/py_serial_commander/lib/python3.10/site-packages:${PYTHONPATH} /usr/bin/python3 -W ignore:setup.py install is deprecated -W ignore:easy_install command is deprecated setup.py develop --editable --build-directory /home/tobgui/titi/src/py_serial_commander/build/py_serial_commander/build --no-deps symlink_data
[1.590s] running develop
[1.907s] running egg_info
[1.907s] creating py_serial_commander.egg-info
[1.908s] writing py_serial_commander.egg-info/PKG-INFO
[1.908s] writing dependency_links to py_serial_commander.egg-info/dependency_links.txt
[1.908s] writing entry points to py_serial_commander.egg-info/entry_points.txt
[1.908s] writing requirements to py_serial_commander.egg-info/requires.txt
[1.909s] writing top-level names to py_serial_commander.egg-info/top_level.txt
[1.909s] writing manifest file 'py_serial_commander.egg-info/SOURCES.txt'
[1.911s] reading manifest file 'py_serial_commander.egg-info/SOURCES.txt'
[1.912s] writing manifest file 'py_serial_commander.egg-info/SOURCES.txt'
[1.915s] running build_ext
[1.916s] Creating /home/tobgui/titi/src/py_serial_commander/install/py_serial_commander/lib/python3.10/site-packages/py-serial-commander.egg-link (link to .)
[1.918s] Installing serial_commander script to /home/tobgui/titi/src/py_serial_commander/install/py_serial_commander/lib/py_serial_commander
[1.919s] 
[1.919s] Installed /home/tobgui/titi/src/py_serial_commander/build/py_serial_commander
[1.919s] running symlink_data
[1.919s] creating /home/tobgui/titi/src/py_serial_commander/install/py_serial_commander/share
[1.919s] creating /home/tobgui/titi/src/py_serial_commander/install/py_serial_commander/share/ament_index
[1.920s] creating /home/tobgui/titi/src/py_serial_commander/install/py_serial_commander/share/ament_index/resource_index
[1.920s] creating /home/tobgui/titi/src/py_serial_commander/install/py_serial_commander/share/ament_index/resource_index/packages
[1.920s] symbolically linking /home/tobgui/titi/src/py_serial_commander/build/py_serial_commander/resource/py_serial_commander -> /home/tobgui/titi/src/py_serial_commander/install/py_serial_commander/share/ament_index/resource_index/packages
[1.920s] creating /home/tobgui/titi/src/py_serial_commander/install/py_serial_commander/share/py_serial_commander
[1.920s] symbolically linking /home/tobgui/titi/src/py_serial_commander/build/py_serial_commander/package.xml -> /home/tobgui/titi/src/py_serial_commander/install/py_serial_commander/share/py_serial_commander
[1.965s] Invoked command in '/home/tobgui/titi/src/py_serial_commander/build/py_serial_commander' returned '0': PYTHONPATH=/home/tobgui/titi/src/py_serial_commander/build/py_serial_commander/prefix_override:/usr/lib/python3/dist-packages/colcon_core/task/python/colcon_distutils_commands:/home/tobgui/titi/src/py_serial_commander/install/py_serial_commander/lib/python3.10/site-packages:${PYTHONPATH} /usr/bin/python3 -W ignore:setup.py install is deprecated -W ignore:easy_install command is deprecated setup.py develop --editable --build-directory /home/tobgui/titi/src/py_serial_commander/build/py_serial_commander/build --no-deps symlink_data
